<?xml version="1.0" encoding="UTF-8"?>
<!-- Generated by org.testng.reporters.JUnitReportReporter -->
<testsuite hostname="IN-MU-LT-J27088" name="com.redbus.runnerClass.RunnerClass" tests="1" failures="0" timestamp="10 Dec 2018 08:17:47 GMT" time="21.972" errors="0">
  <testcase name="feature" time="21.972" classname="com.redbus.runnerClass.RunnerClass"/>
</testsuite> <!-- com.redbus.runnerClass.RunnerClass -->
